<?xml version="1.0" encoding="UTF-8"?>
<!-- Generated by org.testng.reporters.JUnitReportReporter -->
<testsuite hostname="DESKTOP-93P7DR6" failures="0" tests="1" name="testcases.HomePageTest" time="8.970" errors="0" timestamp="2022-01-13T13:50:59 EST" skipped="0">
  <testcase classname="testcases.HomePageTest" name="gotoHomePage" time="8.970"/>
  <system-out>
    <![CDATA[Test Started gotoHomePage
gotoHomePage]]>
  </system-out>
</testsuite> <!-- testcases.HomePageTest -->
