<?xml version="1.0" encoding="UTF-8"?>
<!-- Generated by org.testng.reporters.JUnitReportReporter -->
<testsuite hostname="DESKTOP-93P7DR6" failures="0" tests="1" name="testcases.MarutiHomePageTest" time="7.273" errors="0" timestamp="2022-01-13T13:50:59 EST" skipped="0">
  <testcase classname="testcases.MarutiHomePageTest" name="gotoMarutiHomePage" time="7.273"/>
  <system-out>
    <![CDATA[Test Started gotoMarutiHomePage
gotoMarutiHomePage]]>
  </system-out>
</testsuite> <!-- testcases.MarutiHomePageTest -->
